#
# There is insufficient memory for the Java Runtime Environment to continue.
# Native memory allocation (malloc) failed to allocate 1511696 bytes. Error detail: Chunk::new
# Possible reasons:
#   The system is out of physical RAM or swap space
#   This process is running with CompressedOops enabled, and the Java Heap may be blocking the growth of the native heap
# Possible solutions:
#   Reduce memory load on the system
#   Increase physical memory or swap space
#   Check if swap backing store is full
#   Decrease Java heap size (-Xmx/-Xms)
#   Decrease number of Java threads
#   Decrease Java thread stack sizes (-Xss)
#   Set larger code cache with -XX:ReservedCodeCacheSize=
#   JVM is running with Unscaled Compressed Oops mode in which the Java heap is
#     placed in the first 4GB address space. The Java Heap base address is the
#     maximum limit for the native heap growth. Please use -XX:HeapBaseMinAddress
#     to set the Java Heap base and to place the Java Heap above 4GB virtual address.
# This output file may be truncated or incomplete.
#
#  Out of Memory Error (arena.cpp:168), pid=19368, tid=36352
#
# JRE version: OpenJDK Runtime Environment Temurin-21.0.5+11 (21.0.5+11) (build 21.0.5+11-LTS)
# Java VM: OpenJDK 64-Bit Server VM Temurin-21.0.5+11 (21.0.5+11-LTS, mixed mode, sharing, tiered, compressed oops, compressed class ptrs, parallel gc, windows-amd64)
# No core dump will be written. Minidumps are not enabled by default on client versions of Windows
#

---------------  S U M M A R Y ------------

Command Line: --add-modules=ALL-SYSTEM --add-opens=java.base/java.util=ALL-UNNAMED --add-opens=java.base/java.lang=ALL-UNNAMED --add-opens=java.base/sun.nio.fs=ALL-UNNAMED -Declipse.application=org.eclipse.jdt.ls.core.id1 -Dosgi.bundles.defaultStartLevel=4 -Declipse.product=org.eclipse.jdt.ls.core.product -Djava.import.generatesMetadataFilesAtProjectRoot=false -DDetectVMInstallationsJob.disabled=true -Dfile.encoding=utf8 -XX:+UseParallelGC -XX:GCTimeRatio=4 -XX:AdaptiveSizePolicyWeight=90 -Dsun.zip.disableMemoryMapping=true -Xmx1G -Xms100m -Xlog:disable -javaagent:c:\Users\16789\.cursor\extensions\redhat.java-1.39.0-win32-x64\lombok\lombok-1.18.34.jar -XX:+HeapDumpOnOutOfMemoryError -XX:HeapDumpPath=c:\Users\16789\AppData\Roaming\Cursor\User\workspaceStorage\f3105ddae546c323eac17ee9dd717c70\redhat.java -Daether.dependencyCollector.impl=bf c:\Users\16789\.cursor\extensions\redhat.java-1.39.0-win32-x64\server\plugins\org.eclipse.equinox.launcher_1.6.900.v20240613-2009.jar -configuration c:\Users\16789\AppData\Roaming\Cursor\User\globalStorage\redhat.java\1.39.0\config_win -data c:\Users\16789\AppData\Roaming\Cursor\User\workspaceStorage\f3105ddae546c323eac17ee9dd717c70\redhat.java\jdt_ws --pipe=\\.\pipe\lsp-15404ba6af31629a38ca28e9d98b3868-sock

Host: 11th Gen Intel(R) Core(TM) i7-11800H @ 2.30GHz, 16 cores, 15G,  Windows 11 , 64 bit Build 26100 (10.0.26100.2992)
Time: Sat Jan 25 19:54:04 2025  Windows 11 , 64 bit Build 26100 (10.0.26100.2992) elapsed time: 5.362382 seconds (0d 0h 0m 5s)

---------------  T H R E A D  ---------------

Current thread (0x000001d2ad9e7300):  JavaThread "C2 CompilerThread0" daemon [_thread_in_native, id=36352, stack(0x000000771e700000,0x000000771e800000) (1024K)]


Current CompileTask:
C2:5362 3577       4       java.lang.invoke.MethodType::makeImpl (109 bytes)

Stack: [0x000000771e700000,0x000000771e800000]
Native frames: (J=compiled Java code, j=interpreted, Vv=VM code, C=native code)
V  [jvm.dll+0x6cd4e9]
V  [jvm.dll+0x8a7941]
V  [jvm.dll+0x8a9e6e]
V  [jvm.dll+0x8aa543]
V  [jvm.dll+0x27f6d6]
V  [jvm.dll+0xc500d]
V  [jvm.dll+0xc5543]
V  [jvm.dll+0x3b65d2]
V  [jvm.dll+0x382835]
V  [jvm.dll+0x381c9a]
V  [jvm.dll+0x2479d0]
V  [jvm.dll+0x246faf]
V  [jvm.dll+0x1c75ce]
V  [jvm.dll+0x25682a]
V  [jvm.dll+0x254dca]
V  [jvm.dll+0x3f00d6]
V  [jvm.dll+0x8514fb]
V  [jvm.dll+0x6cbbed]
C  [ucrtbase.dll+0x37b0]
C  [KERNEL32.DLL+0x2e8d7]
C  [ntdll.dll+0xbbf2c]


---------------  P R O C E S S  ---------------

Threads class SMR info:
_java_thread_list=0x000001d30bb7a6d0, length=25, elements={
0x000001d2ad9402f0, 0x000001d304c353c0, 0x000001d304c36110, 0x000001d304c3dfa0,
0x000001d304c3ebf0, 0x000001d304c42e00, 0x000001d304c46c10, 0x000001d2ad9e7300,
0x000001d304c50ad0, 0x000001d304d37020, 0x000001d304d3df00, 0x000001d306526620,
0x000001d30b454c40, 0x000001d306aa7a70, 0x000001d306bbd300, 0x000001d30b0f7800,
0x000001d30b772be0, 0x000001d30b82ec60, 0x000001d30b8780c0, 0x000001d30b754fb0,
0x000001d30b87a190, 0x000001d30b877a30, 0x000001d30b878750, 0x000001d30b879470,
0x000001d30b753b40
}

Java Threads: ( => current thread )
  0x000001d2ad9402f0 JavaThread "main"                              [_thread_blocked, id=10584, stack(0x000000771dd00000,0x000000771de00000) (1024K)]
  0x000001d304c353c0 JavaThread "Reference Handler"          daemon [_thread_blocked, id=2056, stack(0x000000771e100000,0x000000771e200000) (1024K)]
  0x000001d304c36110 JavaThread "Finalizer"                  daemon [_thread_blocked, id=35620, stack(0x000000771e200000,0x000000771e300000) (1024K)]
  0x000001d304c3dfa0 JavaThread "Signal Dispatcher"          daemon [_thread_blocked, id=25564, stack(0x000000771e300000,0x000000771e400000) (1024K)]
  0x000001d304c3ebf0 JavaThread "Attach Listener"            daemon [_thread_blocked, id=31384, stack(0x000000771e400000,0x000000771e500000) (1024K)]
  0x000001d304c42e00 JavaThread "Service Thread"             daemon [_thread_blocked, id=33500, stack(0x000000771e500000,0x000000771e600000) (1024K)]
  0x000001d304c46c10 JavaThread "Monitor Deflation Thread"   daemon [_thread_blocked, id=13360, stack(0x000000771e600000,0x000000771e700000) (1024K)]
=>0x000001d2ad9e7300 JavaThread "C2 CompilerThread0"         daemon [_thread_in_native, id=36352, stack(0x000000771e700000,0x000000771e800000) (1024K)]
  0x000001d304c50ad0 JavaThread "C1 CompilerThread0"         daemon [_thread_blocked, id=24940, stack(0x000000771e800000,0x000000771e900000) (1024K)]
  0x000001d304d37020 JavaThread "Common-Cleaner"             daemon [_thread_blocked, id=32248, stack(0x000000771e900000,0x000000771ea00000) (1024K)]
  0x000001d304d3df00 JavaThread "C1 CompilerThread1"         daemon [_thread_blocked, id=22836, stack(0x000000771ea00000,0x000000771eb00000) (1024K)]
  0x000001d306526620 JavaThread "Notification Thread"        daemon [_thread_blocked, id=22084, stack(0x000000771ee00000,0x000000771ef00000) (1024K)]
  0x000001d30b454c40 JavaThread "Active Thread: Equinox Container: 90f58052-d289-4612-874d-5cdac4683e5d"        [_thread_blocked, id=30444, stack(0x000000771f700000,0x000000771f800000) (1024K)]
  0x000001d306aa7a70 JavaThread "Refresh Thread: Equinox Container: 90f58052-d289-4612-874d-5cdac4683e5d" daemon [_thread_blocked, id=27596, stack(0x000000771f900000,0x000000771fa00000) (1024K)]
  0x000001d306bbd300 JavaThread "Framework Event Dispatcher: Equinox Container: 90f58052-d289-4612-874d-5cdac4683e5d" daemon [_thread_blocked, id=35832, stack(0x000000771fa00000,0x000000771fb00000) (1024K)]
  0x000001d30b0f7800 JavaThread "Start Level: Equinox Container: 90f58052-d289-4612-874d-5cdac4683e5d" daemon [_thread_blocked, id=16648, stack(0x000000771fb00000,0x000000771fc00000) (1024K)]
  0x000001d30b772be0 JavaThread "Bundle File Closer"         daemon [_thread_blocked, id=10008, stack(0x000000771fc00000,0x000000771fd00000) (1024K)]
  0x000001d30b82ec60 JavaThread "SCR Component Actor"        daemon [_thread_blocked, id=9652, stack(0x0000007720000000,0x0000007720100000) (1024K)]
  0x000001d30b8780c0 JavaThread "SCR Component Registry"     daemon [_thread_blocked, id=11100, stack(0x0000007720100000,0x0000007720200000) (1024K)]
  0x000001d30b754fb0 JavaThread "C1 CompilerThread2"         daemon [_thread_blocked, id=21400, stack(0x000000771eb00000,0x000000771ec00000) (1024K)]
  0x000001d30b87a190 JavaThread "Worker-JM"                         [_thread_blocked, id=2672, stack(0x000000771f600000,0x000000771f700000) (1024K)]
  0x000001d30b877a30 JavaThread "JNA Cleaner"                daemon [_thread_blocked, id=35212, stack(0x0000007720300000,0x0000007720400000) (1024K)]
  0x000001d30b878750 JavaThread "Worker-0: Checking project encoding"        [_thread_blocked, id=2424, stack(0x000000771ef00000,0x000000771f000000) (1024K)]
  0x000001d30b879470 JavaThread "Worker-1"                          [_thread_blocked, id=32052, stack(0x0000007720200000,0x0000007720300000) (1024K)]
  0x000001d30b753b40 JavaThread "C2 CompilerThread1"         daemon [_thread_blocked, id=33660, stack(0x0000007720400000,0x0000007720500000) (1024K)]
Total: 25

Other Threads:
  0x000001d2c2675120 VMThread "VM Thread"                           [id=30576, stack(0x000000771e000000,0x000000771e100000) (1024K)] _threads_hazard_ptr=0x000001d30bb7a6d0
  0x000001d2c256c950 WatcherThread "VM Periodic Task Thread"        [id=36004, stack(0x000000771df00000,0x000000771e000000) (1024K)]
  0x000001d2ad95f890 WorkerThread "GC Thread#0"                     [id=23928, stack(0x000000771de00000,0x000000771df00000) (1024K)]
  0x000001d30b187f70 WorkerThread "GC Thread#1"                     [id=26468, stack(0x000000771f000000,0x000000771f100000) (1024K)]
  0x000001d30663b9e0 WorkerThread "GC Thread#2"                     [id=10052, stack(0x000000771f100000,0x000000771f200000) (1024K)]
  0x000001d306a7ce60 WorkerThread "GC Thread#3"                     [id=17124, stack(0x000000771f200000,0x000000771f300000) (1024K)]
  0x000001d306a7d200 WorkerThread "GC Thread#4"                     [id=29952, stack(0x000000771f300000,0x000000771f400000) (1024K)]
  0x000001d306a7d5a0 WorkerThread "GC Thread#5"                     [id=19908, stack(0x000000771f400000,0x000000771f500000) (1024K)]
  0x000001d3069a2e70 WorkerThread "GC Thread#6"                     [id=704, stack(0x000000771f500000,0x000000771f600000) (1024K)]
  0x000001d30b47bc00 WorkerThread "GC Thread#7"                     [id=21316, stack(0x000000771f800000,0x000000771f900000) (1024K)]
  0x000001d30baddc10 WorkerThread "GC Thread#8"                     [id=4064, stack(0x000000771fd00000,0x000000771fe00000) (1024K)]
  0x000001d30b773e40 WorkerThread "GC Thread#9"                     [id=33152, stack(0x000000771fe00000,0x000000771ff00000) (1024K)]
  0x000001d30b200200 WorkerThread "GC Thread#10"                    [id=32404, stack(0x000000771ff00000,0x0000007720000000) (1024K)]
  0x000001d30b2017c0 WorkerThread "GC Thread#11"                    [id=34828, stack(0x000000771ec00000,0x000000771ed00000) (1024K)]
  0x000001d30b201080 WorkerThread "GC Thread#12"                    [id=19596, stack(0x000000771ed00000,0x000000771ee00000) (1024K)]
Total: 15

Threads with active compile tasks:
C2 CompilerThread0  5374 3577       4       java.lang.invoke.MethodType::makeImpl (109 bytes)
Total: 1

VM state: synchronizing (normal execution)

VM Mutex/Monitor currently owned by a thread:  ([mutex/lock_event])
[0x00007ffee2d8d380] Threads_lock - owner thread: 0x000001d2c2675120

Heap address: 0x00000000c0000000, size: 1024 MB, Compressed Oops mode: 32-bit

CDS archive(s) mapped at: [0x000001d2c3000000-0x000001d2c3ba0000-0x000001d2c3ba0000), size 12189696, SharedBaseAddress: 0x000001d2c3000000, ArchiveRelocationMode: 1.
Compressed class space mapped at: 0x000001d2c4000000-0x000001d304000000, reserved size: 1073741824
Narrow klass base: 0x000001d2c3000000, Narrow klass shift: 0, Narrow klass range: 0x100000000

GC Precious Log:
 CardTable entry size: 512
 CPUs: 16 total, 16 available
 Memory: 16110M
 Large Page Support: Disabled
 NUMA Support: Disabled
 Compressed Oops: Enabled (32-bit)
 Alignments: Space 512K, Generation 512K, Heap 2M
 Heap Min Capacity: 100M
 Heap Initial Capacity: 100M
 Heap Max Capacity: 1G
 Pre-touch: Disabled
 Parallel Workers: 13

Heap:
 PSYoungGen      total 29184K, used 16088K [0x00000000eab00000, 0x00000000ece80000, 0x0000000100000000)
  eden space 25088K, 47% used [0x00000000eab00000,0x00000000eb6bc1a0,0x00000000ec380000)
  from space 4096K, 99% used [0x00000000ec400000,0x00000000ec7fa0e0,0x00000000ec800000)
  to   space 5632K, 0% used [0x00000000ec900000,0x00000000ec900000,0x00000000ece80000)
 ParOldGen       total 68608K, used 8597K [0x00000000c0000000, 0x00000000c4300000, 0x00000000eab00000)
  object space 68608K, 12% used [0x00000000c0000000,0x00000000c0865530,0x00000000c4300000)
 Metaspace       used 17754K, committed 18560K, reserved 1114112K
  class space    used 1752K, committed 2112K, reserved 1048576K

Card table byte_map: [0x000001d2bff20000,0x000001d2c0130000] _byte_map_base: 0x000001d2bf920000

Marking Bits: (ParMarkBitMap*) 0x00007ffee2d92250
 Begin Bits: [0x000001d2c0290000, 0x000001d2c1290000)
 End Bits:   [0x000001d2c1290000, 0x000001d2c2290000)

Polling page: 0x000001d2ada00000

Metaspace:

Usage:
  Non-class:     15.63 MB used.
      Class:      1.71 MB used.
       Both:     17.34 MB used.

Virtual space:
  Non-class space:       64.00 MB reserved,      16.06 MB ( 25%) committed,  1 nodes.
      Class space:        1.00 GB reserved,       2.06 MB ( <1%) committed,  1 nodes.
             Both:        1.06 GB reserved,      18.12 MB (  2%) committed. 

Chunk freelists:
   Non-Class:  15.98 MB
       Class:  13.92 MB
        Both:  29.91 MB

MaxMetaspaceSize: unlimited
CompressedClassSpaceSize: 1.00 GB
Initial GC threshold: 21.00 MB
Current GC threshold: 21.00 MB
CDS: on
 - commit_granule_bytes: 65536.
 - commit_granule_words: 8192.
 - virtual_space_node_default_size: 8388608.
 - enlarge_chunks_in_place: 1.
 - use_allocation_guard: 0.


Internal statistics:

num_allocs_failed_limit: 0.
num_arena_births: 480.
num_arena_deaths: 0.
num_vsnodes_births: 2.
num_vsnodes_deaths: 0.
num_space_committed: 290.
num_space_uncommitted: 0.
num_chunks_returned_to_freelist: 0.
num_chunks_taken_from_freelist: 1131.
num_chunk_merges: 0.
num_chunk_splits: 721.
num_chunks_enlarged: 462.
num_inconsistent_stats: 0.

CodeHeap 'non-profiled nmethods': size=119168Kb used=1518Kb max_used=1518Kb free=117649Kb
 bounds [0x000001d2b88e0000, 0x000001d2b8b50000, 0x000001d2bfd40000]
CodeHeap 'profiled nmethods': size=119104Kb used=7354Kb max_used=7354Kb free=111749Kb
 bounds [0x000001d2b0d40000, 0x000001d2b1470000, 0x000001d2b8190000]
CodeHeap 'non-nmethods': size=7488Kb used=2405Kb max_used=2961Kb free=5082Kb
 bounds [0x000001d2b8190000, 0x000001d2b8480000, 0x000001d2b88e0000]
 total_blobs=4190 nmethods=3646 adapters=448
 compilation: enabled
              stopped_count=0, restarted_count=0
 full_count=0

Compilation events (20 events):
Event: 4.336 Thread 0x000001d304d3df00 nmethod 3644 0x000001d2b8a58b10 code [0x000001d2b8a58ca0, 0x000001d2b8a58d68]
Event: 4.336 Thread 0x000001d304d3df00 3645       3       org.objectweb.asm.ClassReader::readClass (7 bytes)
Event: 4.336 Thread 0x000001d304c50ad0 3646       3       org.objectweb.asm.ClassReader::readStringish (16 bytes)
Event: 4.336 Thread 0x000001d304d3df00 nmethod 3645 0x000001d2b146b590 code [0x000001d2b146b780, 0x000001d2b146bb00]
Event: 4.336 Thread 0x000001d304d3df00 3647       3       org.objectweb.asm.commons.LocalVariablesSorter::remap (118 bytes)
Event: 4.336 Thread 0x000001d304c50ad0 nmethod 3646 0x000001d2b146bc90 code [0x000001d2b146be80, 0x000001d2b146c188]
Event: 4.336 Thread 0x000001d304c50ad0 3648       3       org.objectweb.asm.Frame::pop (42 bytes)
Event: 4.336 Thread 0x000001d30b754fb0 3649       3       org.objectweb.asm.SymbolTable::addConstantUtf8Reference (101 bytes)
Event: 4.336 Thread 0x000001d304c50ad0 nmethod 3648 0x000001d2b146c310 code [0x000001d2b146c4c0, 0x000001d2b146c670]
Event: 4.336 Thread 0x000001d304d3df00 nmethod 3647 0x000001d2b146c790 code [0x000001d2b146c9a0, 0x000001d2b146cfd0]
Event: 4.336 Thread 0x000001d304c50ad0 3650       3       org.objectweb.asm.Frame::pop (53 bytes)
Event: 4.337 Thread 0x000001d30b754fb0 nmethod 3649 0x000001d2b146d290 code [0x000001d2b146d4c0, 0x000001d2b146daa0]
Event: 4.337 Thread 0x000001d304c50ad0 nmethod 3650 0x000001d2b146de10 code [0x000001d2b146e060, 0x000001d2b146e7b8]
Event: 4.337 Thread 0x000001d30b754fb0 3651       1       org.objectweb.asm.SymbolTable::getMajorVersion (5 bytes)
Event: 4.337 Thread 0x000001d30b754fb0 nmethod 3651 0x000001d2b8a58e10 code [0x000001d2b8a58fa0, 0x000001d2b8a59068]
Event: 4.341 Thread 0x000001d30b753b40 nmethod 3639 0x000001d2b8a59110 code [0x000001d2b8a59360, 0x000001d2b8a59dc8]
Event: 4.341 Thread 0x000001d30b753b40 3643       4       org.objectweb.asm.SymbolTable::get (13 bytes)
Event: 4.341 Thread 0x000001d30b753b40 nmethod 3643 0x000001d2b8a5a990 code [0x000001d2b8a5ab20, 0x000001d2b8a5ac20]
Event: 4.341 Thread 0x000001d30b753b40 3641  s    4       java.io.ByteArrayOutputStream::write (43 bytes)
Event: 4.347 Thread 0x000001d30b753b40 nmethod 3641 0x000001d2b8a5ad10 code [0x000001d2b8a5aee0, 0x000001d2b8a5b7b8]

GC Heap History (10 events):
Event: 0.546 GC heap before
{Heap before GC invocations=1 (full 0):
 PSYoungGen      total 29696K, used 25600K [0x00000000eab00000, 0x00000000ecc00000, 0x0000000100000000)
  eden space 25600K, 100% used [0x00000000eab00000,0x00000000ec400000,0x00000000ec400000)
  from space 4096K, 0% used [0x00000000ec800000,0x00000000ec800000,0x00000000ecc00000)
  to   space 4096K, 0% used [0x00000000ec400000,0x00000000ec400000,0x00000000ec800000)
 ParOldGen       total 68608K, used 0K [0x00000000c0000000, 0x00000000c4300000, 0x00000000eab00000)
  object space 68608K, 0% used [0x00000000c0000000,0x00000000c0000000,0x00000000c4300000)
 Metaspace       used 3961K, committed 4160K, reserved 1114112K
  class space    used 395K, committed 448K, reserved 1048576K
}
Event: 0.551 GC heap after
{Heap after GC invocations=1 (full 0):
 PSYoungGen      total 29696K, used 3278K [0x00000000eab00000, 0x00000000ecc00000, 0x0000000100000000)
  eden space 25600K, 0% used [0x00000000eab00000,0x00000000eab00000,0x00000000ec400000)
  from space 4096K, 80% used [0x00000000ec400000,0x00000000ec733870,0x00000000ec800000)
  to   space 4096K, 0% used [0x00000000ec800000,0x00000000ec800000,0x00000000ecc00000)
 ParOldGen       total 68608K, used 16K [0x00000000c0000000, 0x00000000c4300000, 0x00000000eab00000)
  object space 68608K, 0% used [0x00000000c0000000,0x00000000c0004000,0x00000000c4300000)
 Metaspace       used 3961K, committed 4160K, reserved 1114112K
  class space    used 395K, committed 448K, reserved 1048576K
}
Event: 0.888 GC heap before
{Heap before GC invocations=2 (full 0):
 PSYoungGen      total 29696K, used 28878K [0x00000000eab00000, 0x00000000ecc00000, 0x0000000100000000)
  eden space 25600K, 100% used [0x00000000eab00000,0x00000000ec400000,0x00000000ec400000)
  from space 4096K, 80% used [0x00000000ec400000,0x00000000ec733870,0x00000000ec800000)
  to   space 4096K, 0% used [0x00000000ec800000,0x00000000ec800000,0x00000000ecc00000)
 ParOldGen       total 68608K, used 16K [0x00000000c0000000, 0x00000000c4300000, 0x00000000eab00000)
  object space 68608K, 0% used [0x00000000c0000000,0x00000000c0004000,0x00000000c4300000)
 Metaspace       used 7751K, committed 8064K, reserved 1114112K
  class space    used 743K, committed 896K, reserved 1048576K
}
Event: 0.894 GC heap after
{Heap after GC invocations=2 (full 0):
 PSYoungGen      total 29696K, used 4078K [0x00000000eab00000, 0x00000000ecc00000, 0x0000000100000000)
  eden space 25600K, 0% used [0x00000000eab00000,0x00000000eab00000,0x00000000ec400000)
  from space 4096K, 99% used [0x00000000ec800000,0x00000000ecbfb850,0x00000000ecc00000)
  to   space 4096K, 0% used [0x00000000ec400000,0x00000000ec400000,0x00000000ec800000)
 ParOldGen       total 68608K, used 1782K [0x00000000c0000000, 0x00000000c4300000, 0x00000000eab00000)
  object space 68608K, 2% used [0x00000000c0000000,0x00000000c01bd898,0x00000000c4300000)
 Metaspace       used 7751K, committed 8064K, reserved 1114112K
  class space    used 743K, committed 896K, reserved 1048576K
}
Event: 1.210 GC heap before
{Heap before GC invocations=3 (full 0):
 PSYoungGen      total 29696K, used 29678K [0x00000000eab00000, 0x00000000ecc00000, 0x0000000100000000)
  eden space 25600K, 100% used [0x00000000eab00000,0x00000000ec400000,0x00000000ec400000)
  from space 4096K, 99% used [0x00000000ec800000,0x00000000ecbfb850,0x00000000ecc00000)
  to   space 4096K, 0% used [0x00000000ec400000,0x00000000ec400000,0x00000000ec800000)
 ParOldGen       total 68608K, used 1782K [0x00000000c0000000, 0x00000000c4300000, 0x00000000eab00000)
  object space 68608K, 2% used [0x00000000c0000000,0x00000000c01bd898,0x00000000c4300000)
 Metaspace       used 9229K, committed 9536K, reserved 1114112K
  class space    used 921K, committed 1088K, reserved 1048576K
}
Event: 1.216 GC heap after
{Heap after GC invocations=3 (full 0):
 PSYoungGen      total 29696K, used 4085K [0x00000000eab00000, 0x00000000ecc00000, 0x0000000100000000)
  eden space 25600K, 0% used [0x00000000eab00000,0x00000000eab00000,0x00000000ec400000)
  from space 4096K, 99% used [0x00000000ec400000,0x00000000ec7fd568,0x00000000ec800000)
  to   space 4096K, 0% used [0x00000000ec800000,0x00000000ec800000,0x00000000ecc00000)
 ParOldGen       total 68608K, used 6276K [0x00000000c0000000, 0x00000000c4300000, 0x00000000eab00000)
  object space 68608K, 9% used [0x00000000c0000000,0x00000000c0621048,0x00000000c4300000)
 Metaspace       used 9229K, committed 9536K, reserved 1114112K
  class space    used 921K, committed 1088K, reserved 1048576K
}
Event: 2.640 GC heap before
{Heap before GC invocations=4 (full 0):
 PSYoungGen      total 29696K, used 29685K [0x00000000eab00000, 0x00000000ecc00000, 0x0000000100000000)
  eden space 25600K, 100% used [0x00000000eab00000,0x00000000ec400000,0x00000000ec400000)
  from space 4096K, 99% used [0x00000000ec400000,0x00000000ec7fd568,0x00000000ec800000)
  to   space 4096K, 0% used [0x00000000ec800000,0x00000000ec800000,0x00000000ecc00000)
 ParOldGen       total 68608K, used 6276K [0x00000000c0000000, 0x00000000c4300000, 0x00000000eab00000)
  object space 68608K, 9% used [0x00000000c0000000,0x00000000c0621048,0x00000000c4300000)
 Metaspace       used 12279K, committed 12672K, reserved 1114112K
  class space    used 1205K, committed 1408K, reserved 1048576K
}
Event: 2.645 GC heap after
{Heap after GC invocations=4 (full 0):
 PSYoungGen      total 29696K, used 4078K [0x00000000eab00000, 0x00000000ecc00000, 0x0000000100000000)
  eden space 25600K, 0% used [0x00000000eab00000,0x00000000eab00000,0x00000000ec400000)
  from space 4096K, 99% used [0x00000000ec800000,0x00000000ecbfb968,0x00000000ecc00000)
  to   space 4096K, 0% used [0x00000000ec400000,0x00000000ec400000,0x00000000ec800000)
 ParOldGen       total 68608K, used 7274K [0x00000000c0000000, 0x00000000c4300000, 0x00000000eab00000)
  object space 68608K, 10% used [0x00000000c0000000,0x00000000c071a910,0x00000000c4300000)
 Metaspace       used 12279K, committed 12672K, reserved 1114112K
  class space    used 1205K, committed 1408K, reserved 1048576K
}
Event: 3.074 GC heap before
{Heap before GC invocations=5 (full 0):
 PSYoungGen      total 29696K, used 29647K [0x00000000eab00000, 0x00000000ecc00000, 0x0000000100000000)
  eden space 25600K, 99% used [0x00000000eab00000,0x00000000ec3f8520,0x00000000ec400000)
  from space 4096K, 99% used [0x00000000ec800000,0x00000000ecbfb968,0x00000000ecc00000)
  to   space 4096K, 0% used [0x00000000ec400000,0x00000000ec400000,0x00000000ec800000)
 ParOldGen       total 68608K, used 7274K [0x00000000c0000000, 0x00000000c4300000, 0x00000000eab00000)
  object space 68608K, 10% used [0x00000000c0000000,0x00000000c071a910,0x00000000c4300000)
 Metaspace       used 16038K, committed 16576K, reserved 1114112K
  class space    used 1561K, committed 1792K, reserved 1048576K
}
Event: 3.077 GC heap after
{Heap after GC invocations=5 (full 0):
 PSYoungGen      total 29184K, used 4072K [0x00000000eab00000, 0x00000000ece80000, 0x0000000100000000)
  eden space 25088K, 0% used [0x00000000eab00000,0x00000000eab00000,0x00000000ec380000)
  from space 4096K, 99% used [0x00000000ec400000,0x00000000ec7fa0e0,0x00000000ec800000)
  to   space 5632K, 0% used [0x00000000ec900000,0x00000000ec900000,0x00000000ece80000)
 ParOldGen       total 68608K, used 8597K [0x00000000c0000000, 0x00000000c4300000, 0x00000000eab00000)
  object space 68608K, 12% used [0x00000000c0000000,0x00000000c0865530,0x00000000c4300000)
 Metaspace       used 16038K, committed 16576K, reserved 1114112K
  class space    used 1561K, committed 1792K, reserved 1048576K
}

Dll operation events (10 events):
Event: 0.018 Loaded shared library c:\Users\16789\.cursor\extensions\redhat.java-1.39.0-win32-x64\jre\21.0.5-win32-x86_64\bin\java.dll
Event: 0.079 Loaded shared library c:\Users\16789\.cursor\extensions\redhat.java-1.39.0-win32-x64\jre\21.0.5-win32-x86_64\bin\zip.dll
Event: 0.144 Loaded shared library C:\Users\16789\.cursor\extensions\redhat.java-1.39.0-win32-x64\jre\21.0.5-win32-x86_64\bin\instrument.dll
Event: 0.150 Loaded shared library C:\Users\16789\.cursor\extensions\redhat.java-1.39.0-win32-x64\jre\21.0.5-win32-x86_64\bin\net.dll
Event: 0.155 Loaded shared library C:\Users\16789\.cursor\extensions\redhat.java-1.39.0-win32-x64\jre\21.0.5-win32-x86_64\bin\nio.dll
Event: 0.158 Loaded shared library C:\Users\16789\.cursor\extensions\redhat.java-1.39.0-win32-x64\jre\21.0.5-win32-x86_64\bin\zip.dll
Event: 0.184 Loaded shared library C:\Users\16789\.cursor\extensions\redhat.java-1.39.0-win32-x64\jre\21.0.5-win32-x86_64\bin\jimage.dll
Event: 0.235 Loaded shared library c:\Users\16789\.cursor\extensions\redhat.java-1.39.0-win32-x64\jre\21.0.5-win32-x86_64\bin\verify.dll
Event: 0.919 Loaded shared library C:\Users\16789\AppData\Roaming\Cursor\User\globalStorage\redhat.java\1.39.0\config_win\org.eclipse.equinox.launcher\org.eclipse.equinox.launcher.win32.win32.x86_64_1.2.1100.v20240722-2106\eclipse_11904.dll
Event: 3.208 Loaded shared library C:\Users\16789\AppData\Local\Temp\jna-46915891\jna17690211021373824841.dll

Deoptimization events (20 events):
Event: 3.084 Thread 0x000001d30b0f7800 Uncommon trap: trap_request=0xffffff45 fr.pc=0x000001d2b89179d4 relative=0x0000000000000654
Event: 3.084 Thread 0x000001d30b0f7800 Uncommon trap: reason=unstable_if action=reinterpret pc=0x000001d2b89179d4 method=java.lang.String.replace(Ljava/lang/CharSequence;Ljava/lang/CharSequence;)Ljava/lang/String; @ 42 c2
Event: 3.084 Thread 0x000001d30b0f7800 DEOPT PACKING pc=0x000001d2b89179d4 sp=0x000000771fbf7550
Event: 3.084 Thread 0x000001d30b0f7800 DEOPT UNPACKING pc=0x000001d2b81e6da2 sp=0x000000771fbf74c0 mode 2
Event: 3.155 Thread 0x000001d30b0f7800 DEOPT PACKING pc=0x000001d2b1431639 sp=0x000000771fbf5e70
Event: 3.155 Thread 0x000001d30b0f7800 DEOPT UNPACKING pc=0x000001d2b81e78e2 sp=0x000000771fbf5308 mode 0
Event: 3.166 Thread 0x000001d30b0f7800 DEOPT PACKING pc=0x000001d2b1431639 sp=0x000000771fbf5e70
Event: 3.166 Thread 0x000001d30b0f7800 DEOPT UNPACKING pc=0x000001d2b81e78e2 sp=0x000000771fbf5308 mode 0
Event: 4.275 Thread 0x000001d30b0f7800 Uncommon trap: trap_request=0xffffff45 fr.pc=0x000001d2b8a35224 relative=0x0000000000000084
Event: 4.275 Thread 0x000001d30b0f7800 Uncommon trap: reason=unstable_if action=reinterpret pc=0x000001d2b8a35224 method=java.lang.ref.SoftReference.get()Ljava/lang/Object; @ 6 c2
Event: 4.275 Thread 0x000001d30b0f7800 DEOPT PACKING pc=0x000001d2b8a35224 sp=0x000000771fbf96c0
Event: 4.275 Thread 0x000001d30b0f7800 DEOPT UNPACKING pc=0x000001d2b81e6da2 sp=0x000000771fbf9658 mode 2
Event: 4.337 Thread 0x000001d30b0f7800 Uncommon trap: trap_request=0xffffffde fr.pc=0x000001d2b8a57f4c relative=0x000000000000012c
Event: 4.337 Thread 0x000001d30b0f7800 Uncommon trap: reason=class_check action=maybe_recompile pc=0x000001d2b8a57f4c method=jdk.internal.misc.Unsafe.allocateUninitializedArray(Ljava/lang/Class;I)Ljava/lang/Object; @ 51 c2
Event: 4.337 Thread 0x000001d30b0f7800 DEOPT PACKING pc=0x000001d2b8a57f4c sp=0x000000771fbf1890
Event: 4.338 Thread 0x000001d30b0f7800 DEOPT UNPACKING pc=0x000001d2b81e6da2 sp=0x000000771fbf1808 mode 2
Event: 4.338 Thread 0x000001d30b0f7800 Uncommon trap: trap_request=0xffffffde fr.pc=0x000001d2b8a57f4c relative=0x000000000000012c
Event: 4.338 Thread 0x000001d30b0f7800 Uncommon trap: reason=class_check action=maybe_recompile pc=0x000001d2b8a57f4c method=jdk.internal.misc.Unsafe.allocateUninitializedArray(Ljava/lang/Class;I)Ljava/lang/Object; @ 51 c2
Event: 4.338 Thread 0x000001d30b0f7800 DEOPT PACKING pc=0x000001d2b8a57f4c sp=0x000000771fbf1710
Event: 4.338 Thread 0x000001d30b0f7800 DEOPT UNPACKING pc=0x000001d2b81e6da2 sp=0x000000771fbf1688 mode 2

Classes loaded (20 events):
Event: 4.256 Loading class jdk/internal/reflect/MethodHandleShortFieldAccessorImpl
Event: 4.257 Loading class jdk/internal/reflect/MethodHandleShortFieldAccessorImpl done
Event: 4.257 Loading class java/lang/Short$ShortCache
Event: 4.257 Loading class java/lang/Short$ShortCache done
Event: 4.271 Loading class java/util/function/LongUnaryOperator
Event: 4.271 Loading class java/util/function/LongUnaryOperator done
Event: 4.271 Loading class java/lang/ThreadDeath
Event: 4.271 Loading class java/lang/ThreadDeath done
Event: 4.276 Loading class java/util/stream/SortedOps$SizedRefSortingSink
Event: 4.276 Loading class java/util/stream/SortedOps$SizedRefSortingSink done
Event: 4.292 Loading class java/util/concurrent/atomic/Striped64$1
Event: 4.292 Loading class java/util/concurrent/atomic/Striped64$1 done
Event: 4.325 Loading class java/util/BitSet
Event: 4.325 Loading class java/util/BitSet done
Event: 4.328 Loading class sun/net/www/protocol/jrt/JavaRuntimeURLConnection
Event: 4.328 Loading class sun/net/www/protocol/jrt/JavaRuntimeURLConnection done
Event: 4.328 Loading class sun/net/www/protocol/jrt/JavaRuntimeURLConnection$1
Event: 4.329 Loading class sun/net/www/protocol/jrt/JavaRuntimeURLConnection$1 done
Event: 4.340 Loading class java/util/function/UnaryOperator
Event: 4.341 Loading class java/util/function/UnaryOperator done

Classes unloaded (0 events):
No events

Classes redefined (0 events):
No events

Internal exceptions (20 events):
Event: 2.972 Thread 0x000001d30b0f7800 Exception <a 'java/io/FileNotFoundException'{0x00000000ebcfc648}> (0x00000000ebcfc648) 
thrown [s\src\hotspot\share\prims\jni.cpp, line 520]
Event: 2.973 Thread 0x000001d30b0f7800 Exception <a 'java/io/FileNotFoundException'{0x00000000ebd03d88}> (0x00000000ebd03d88) 
thrown [s\src\hotspot\share\prims\jni.cpp, line 520]
Event: 3.017 Thread 0x000001d30b0f7800 Exception <a 'java/lang/NoSuchMethodError'{0x00000000ec012508}: 'java.lang.Object java.lang.invoke.DirectMethodHandle$Holder.newInvokeSpecial(java.lang.Object, java.lang.Object, java.lang.Object, java.lang.Object, java.lang.Object)'> (0x00000000ec012508) 
thrown [s\src\hotspot\share\interpreter\linkResolver.cpp, line 773]
Event: 3.047 Thread 0x000001d30b0f7800 Exception <a 'java/lang/NoSuchMethodError'{0x00000000ec2120e8}: 'java.lang.Object java.lang.invoke.DirectMethodHandle$Holder.invokeStaticInit(java.lang.Object, int)'> (0x00000000ec2120e8) 
thrown [s\src\hotspot\share\interpreter\linkResolver.cpp, line 773]
Event: 3.088 Thread 0x000001d30b0f7800 Exception <a 'java/lang/NoSuchMethodError'{0x00000000eab93d30}: 'java.lang.Object java.lang.invoke.DirectMethodHandle$Holder.invokeStaticInit(java.lang.Object, int, int, int, int)'> (0x00000000eab93d30) 
thrown [s\src\hotspot\share\interpreter\linkResolver.cpp, line 773]
Event: 3.181 Thread 0x000001d30b0f7800 Exception <a 'java/lang/NoSuchMethodError'{0x00000000ead2ce00}: 'java.lang.Object java.lang.invoke.DirectMethodHandle$Holder.invokeStaticInit(java.lang.Object, java.lang.Object, int, int, int, int)'> (0x00000000ead2ce00) 
thrown [s\src\hotspot\share\interpreter\linkResolver.cpp, line 773]
Event: 3.221 Thread 0x000001d30b0f7800 Exception <a 'java/lang/NoSuchMethodError'{0x00000000eae36f20}: 'void java.lang.invoke.DirectMethodHandle$Holder.invokeSpecial(java.lang.Object, java.lang.Object, java.lang.Object, int)'> (0x00000000eae36f20) 
thrown [s\src\hotspot\share\interpreter\linkResolver.cpp, line 773]
Event: 3.221 Thread 0x000001d30b0f7800 Exception <a 'java/lang/NoSuchMethodError'{0x00000000eae3a8b0}: 'void java.lang.invoke.DelegatingMethodHandle$Holder.reinvoke_L(java.lang.Object, java.lang.Object, int)'> (0x00000000eae3a8b0) 
thrown [s\src\hotspot\share\interpreter\linkResolver.cpp, line 773]
Event: 3.221 Thread 0x000001d30b0f7800 Exception <a 'java/lang/NoSuchMethodError'{0x00000000eae41860}: 'int java.lang.invoke.Invokers$Holder.invokeExact_MT(java.lang.Object, java.lang.Object, java.lang.Object)'> (0x00000000eae41860) 
thrown [s\src\hotspot\share\interpreter\linkResolver.cpp, line 773]
Event: 4.259 Thread 0x000001d30b0f7800 Exception <a 'java/lang/NoSuchMethodError'{0x00000000eaf5a9d8}: 'void java.lang.invoke.Invokers$Holder.invokeExact_MT(java.lang.Object, java.lang.Object, int, java.lang.Object)'> (0x00000000eaf5a9d8) 
thrown [s\src\hotspot\share\interpreter\linkResolver.cpp, line 773]
Event: 4.270 Thread 0x000001d30b0f7800 Exception <a 'java/lang/NoSuchMethodError'{0x00000000eb0654b8}: 'java.lang.Object java.lang.invoke.DirectMethodHandle$Holder.invokeSpecial(java.lang.Object, java.lang.Object, java.lang.Object, long, java.lang.Object)'> (0x00000000eb0654b8) 
thrown [s\src\hotspot\share\interpreter\linkResolver.cpp, line 773]
Event: 4.271 Thread 0x000001d30b0f7800 Exception <a 'java/lang/NoSuchMethodError'{0x00000000eb06cc48}: 'java.lang.Object java.lang.invoke.DirectMethodHandle$Holder.newInvokeSpecial(java.lang.Object, java.lang.Object, java.lang.Object, long)'> (0x00000000eb06cc48) 
thrown [s\src\hotspot\share\interpreter\linkResolver.cpp, line 773]
Event: 4.271 Thread 0x000001d30b0f7800 Exception <a 'java/lang/NoSuchMethodError'{0x00000000eb070aa8}: 'java.lang.Object java.lang.invoke.Invokers$Holder.linkToTargetMethod(java.lang.Object, java.lang.Object, long, java.lang.Object)'> (0x00000000eb070aa8) 
thrown [s\src\hotspot\share\interpreter\linkResolver.cpp, line 773]
Event: 4.275 Thread 0x000001d30b0f7800 Exception <a 'java/lang/NoSuchMethodError'{0x00000000eb0ec8f8}: 'int java.lang.invoke.DirectMethodHandle$Holder.invokeStaticInit(java.lang.Object, java.lang.Object, java.lang.Object)'> (0x00000000eb0ec8f8) 
thrown [s\src\hotspot\share\interpreter\linkResolver.cpp, line 773]
Event: 4.280 Thread 0x000001d30b0f7800 Exception <a 'java/lang/IncompatibleClassChangeError'{0x00000000eb188700}: Found class java.lang.Object, but interface was expected> (0x00000000eb188700) 
thrown [s\src\hotspot\share\interpreter\linkResolver.cpp, line 840]
Event: 4.283 Thread 0x000001d30b0f7800 Exception <a 'java/lang/NoSuchMethodError'{0x00000000eb197908}: 'java.lang.Object java.lang.invoke.DirectMethodHandle$Holder.invokeSpecial(java.lang.Object, java.lang.Object, java.lang.Object, int, java.lang.Object, java.lang.Object)'> (0x00000000eb197908) 
thrown [s\src\hotspot\share\interpreter\linkResolver.cpp, line 773]
Event: 4.283 Thread 0x000001d30b0f7800 Exception <a 'java/lang/NoSuchMethodError'{0x00000000eb19f1a0}: 'java.lang.Object java.lang.invoke.DirectMethodHandle$Holder.newInvokeSpecial(java.lang.Object, java.lang.Object, java.lang.Object, int, java.lang.Object)'> (0x00000000eb19f1a0) 
thrown [s\src\hotspot\share\interpreter\linkResolver.cpp, line 773]
Event: 4.283 Thread 0x000001d30b0f7800 Exception <a 'java/lang/NoSuchMethodError'{0x00000000eb1a2c90}: 'java.lang.Object java.lang.invoke.Invokers$Holder.linkToTargetMethod(java.lang.Object, java.lang.Object, int, java.lang.Object, java.lang.Object)'> (0x00000000eb1a2c90) 
thrown [s\src\hotspot\share\interpreter\linkResolver.cpp, line 773]
Event: 4.284 Thread 0x000001d30b878750 Exception <a 'java/lang/NoSuchMethodError'{0x00000000eb0ad990}: 'java.lang.Object java.lang.invoke.DirectMethodHandle$Holder.invokeSpecial(java.lang.Object, java.lang.Object, int, java.lang.Object, java.lang.Object)'> (0x00000000eb0ad990) 
thrown [s\src\hotspot\share\interpreter\linkResolver.cpp, line 773]
Event: 4.293 Thread 0x000001d30b0f7800 Exception <a 'java/lang/NoSuchMethodError'{0x00000000eb2a9d10}: 'void java.lang.invoke.DirectMethodHandle$Holder.invokeSpecial(java.lang.Object, java.lang.Object, java.lang.Object, java.lang.Object, java.lang.Object)'> (0x00000000eb2a9d10) 
thrown [s\src\hotspot\share\interpreter\linkResolver.cpp, line 773]

ZGC Phase Switch (0 events):
No events

VM Operations (20 events):
Event: 2.426 Executing VM operation: HandshakeAllThreads (Deoptimize) done
Event: 2.640 Executing VM operation: ParallelGCFailedAllocation (Allocation Failure)
Event: 2.645 Executing VM operation: ParallelGCFailedAllocation (Allocation Failure) done
Event: 2.990 Executing VM operation: HandshakeAllThreads (Deoptimize)
Event: 2.990 Executing VM operation: HandshakeAllThreads (Deoptimize) done
Event: 3.012 Executing VM operation: ICBufferFull
Event: 3.012 Executing VM operation: ICBufferFull done
Event: 3.057 Executing VM operation: HandshakeAllThreads (Deoptimize)
Event: 3.057 Executing VM operation: HandshakeAllThreads (Deoptimize) done
Event: 3.074 Executing VM operation: ParallelGCFailedAllocation (Allocation Failure)
Event: 3.077 Executing VM operation: ParallelGCFailedAllocation (Allocation Failure) done
Event: 3.108 Executing VM operation: HandshakeAllThreads (Deoptimize)
Event: 3.108 Executing VM operation: HandshakeAllThreads (Deoptimize) done
Event: 3.213 Executing VM operation: HandshakeAllThreads (Deoptimize)
Event: 3.213 Executing VM operation: HandshakeAllThreads (Deoptimize) done
Event: 4.223 Executing VM operation: Cleanup
Event: 4.255 Executing VM operation: Cleanup done
Event: 4.329 Executing VM operation: HandshakeAllThreads (Deoptimize)
Event: 4.329 Executing VM operation: HandshakeAllThreads (Deoptimize) done
Event: 5.331 Executing VM operation: Cleanup

Memory protections (0 events):
No events

Nmethod flushes (0 events):
No events

Events (20 events):
Event: 0.933 Thread 0x000001d306aa7a70 Thread added: 0x000001d306bbd300
Event: 0.936 Thread 0x000001d2ad9402f0 Thread added: 0x000001d30b0f7800
Event: 1.189 Thread 0x000001d30b0f7800 Thread added: 0x000001d30b772be0
Event: 1.338 Thread 0x000001d30b0f7800 Thread added: 0x000001d30b82ec60
Event: 1.397 Thread 0x000001d30b0f7800 Thread added: 0x000001d30b8780c0
Event: 2.427 Thread 0x000001d304ef8970 Thread exited: 0x000001d304ef8970
Event: 2.427 Thread 0x000001d306ab3cf0 Thread exited: 0x000001d306ab3cf0
Event: 2.428 Thread 0x000001d304d41520 Thread exited: 0x000001d304d41520
Event: 2.428 Thread 0x000001d30650f210 Thread exited: 0x000001d30650f210
Event: 2.428 Thread 0x000001d304d85810 Thread exited: 0x000001d304d85810
Event: 2.539 Thread 0x000001d304d3df00 Thread added: 0x000001d30b754fb0
Event: 2.762 Thread 0x000001d304d3df00 Thread added: 0x000001d30b755680
Event: 2.866 Thread 0x000001d30b0f7800 Thread added: 0x000001d30b87a190
Event: 3.015 Thread 0x000001d30b755680 Thread added: 0x000001d30b754210
Event: 3.225 Thread 0x000001d30b0f7800 Thread added: 0x000001d30b877a30
Event: 3.912 Thread 0x000001d30b754210 Thread exited: 0x000001d30b754210
Event: 4.256 Thread 0x000001d30b755680 Thread exited: 0x000001d30b755680
Event: 4.273 Thread 0x000001d30b0f7800 Thread added: 0x000001d30b878750
Event: 4.284 Thread 0x000001d30b0f7800 Thread added: 0x000001d30b879470
Event: 4.331 Thread 0x000001d304c50ad0 Thread added: 0x000001d30b753b40


Dynamic libraries:
0x00007ff734ea0000 - 0x00007ff734eae000 	c:\Users\16789\.cursor\extensions\redhat.java-1.39.0-win32-x64\jre\21.0.5-win32-x86_64\bin\java.exe
0x00007fff77700000 - 0x00007fff77963000 	C:\WINDOWS\SYSTEM32\ntdll.dll
0x00007fff76de0000 - 0x00007fff76ea7000 	C:\WINDOWS\System32\KERNEL32.DLL
0x00007fff74b30000 - 0x00007fff74ef6000 	C:\WINDOWS\System32\KERNELBASE.dll
0x00007fff75060000 - 0x00007fff751ac000 	C:\WINDOWS\System32\ucrtbase.dll
0x00007fff4fec0000 - 0x00007fff4fed8000 	c:\Users\16789\.cursor\extensions\redhat.java-1.39.0-win32-x64\jre\21.0.5-win32-x86_64\bin\jli.dll
0x00007fff57520000 - 0x00007fff5753e000 	c:\Users\16789\.cursor\extensions\redhat.java-1.39.0-win32-x64\jre\21.0.5-win32-x86_64\bin\VCRUNTIME140.dll
0x00007fff76eb0000 - 0x00007fff77079000 	C:\WINDOWS\System32\USER32.dll
0x00007fff74f00000 - 0x00007fff74f27000 	C:\WINDOWS\System32\win32u.dll
0x00007fff4d500000 - 0x00007fff4d790000 	C:\WINDOWS\WinSxS\amd64_microsoft.windows.common-controls_6595b64144ccf1df_6.0.26100.2702_none_3e069454e335fc5e\COMCTL32.dll
0x00007fff77190000 - 0x00007fff771ba000 	C:\WINDOWS\System32\GDI32.dll
0x00007fff76d30000 - 0x00007fff76dd9000 	C:\WINDOWS\System32\msvcrt.dll
0x00007fff74f30000 - 0x00007fff7505b000 	C:\WINDOWS\System32\gdi32full.dll
0x00007fff75490000 - 0x00007fff75533000 	C:\WINDOWS\System32\msvcp_win.dll
0x00007fff755c0000 - 0x00007fff755ef000 	C:\WINDOWS\System32\IMM32.DLL
0x00007fff50350000 - 0x00007fff5035c000 	c:\Users\16789\.cursor\extensions\redhat.java-1.39.0-win32-x64\jre\21.0.5-win32-x86_64\bin\vcruntime140_1.dll
0x00007fff3cc40000 - 0x00007fff3cccd000 	c:\Users\16789\.cursor\extensions\redhat.java-1.39.0-win32-x64\jre\21.0.5-win32-x86_64\bin\msvcp140.dll
0x00007ffee20e0000 - 0x00007ffee2e6f000 	c:\Users\16789\.cursor\extensions\redhat.java-1.39.0-win32-x64\jre\21.0.5-win32-x86_64\bin\server\jvm.dll
0x00007fff76920000 - 0x00007fff769d3000 	C:\WINDOWS\System32\ADVAPI32.dll
0x00007fff75c60000 - 0x00007fff75d06000 	C:\WINDOWS\System32\sechost.dll
0x00007fff77230000 - 0x00007fff77346000 	C:\WINDOWS\System32\RPCRT4.dll
0x00007fff76a70000 - 0x00007fff76ae4000 	C:\WINDOWS\System32\WS2_32.dll
0x00007fff73760000 - 0x00007fff737ae000 	C:\WINDOWS\SYSTEM32\POWRPROF.dll
0x00007fff69920000 - 0x00007fff69956000 	C:\WINDOWS\SYSTEM32\WINMM.dll
0x00007fff699a0000 - 0x00007fff699ab000 	C:\WINDOWS\SYSTEM32\VERSION.dll
0x00007fff73740000 - 0x00007fff73754000 	C:\WINDOWS\SYSTEM32\UMPDC.dll
0x00007fff739e0000 - 0x00007fff739fa000 	C:\WINDOWS\SYSTEM32\kernel.appcore.dll
0x00007fff50320000 - 0x00007fff5032a000 	c:\Users\16789\.cursor\extensions\redhat.java-1.39.0-win32-x64\jre\21.0.5-win32-x86_64\bin\jimage.dll
0x00007fff723e0000 - 0x00007fff72621000 	C:\WINDOWS\SYSTEM32\DBGHELP.DLL
0x00007fff76590000 - 0x00007fff7690e000 	C:\WINDOWS\System32\combase.dll
0x00007fff77450000 - 0x00007fff77526000 	C:\WINDOWS\System32\OLEAUT32.dll
0x00007fff574a0000 - 0x00007fff574d9000 	C:\WINDOWS\SYSTEM32\dbgcore.DLL
0x00007fff75330000 - 0x00007fff753c9000 	C:\WINDOWS\System32\bcryptPrimitives.dll
0x00007fff4eab0000 - 0x00007fff4eabf000 	c:\Users\16789\.cursor\extensions\redhat.java-1.39.0-win32-x64\jre\21.0.5-win32-x86_64\bin\instrument.dll
0x00007fff4fe20000 - 0x00007fff4fe3f000 	c:\Users\16789\.cursor\extensions\redhat.java-1.39.0-win32-x64\jre\21.0.5-win32-x86_64\bin\java.dll
0x00007fff75e80000 - 0x00007fff76589000 	C:\WINDOWS\System32\SHELL32.dll
0x00007fff727e0000 - 0x00007fff73018000 	C:\WINDOWS\SYSTEM32\windows.storage.dll
0x00007fff77080000 - 0x00007fff7716a000 	C:\WINDOWS\System32\SHCORE.dll
0x00007fff76af0000 - 0x00007fff76b4d000 	C:\WINDOWS\System32\shlwapi.dll
0x00007fff749b0000 - 0x00007fff749de000 	C:\WINDOWS\SYSTEM32\profapi.dll
0x00007fff4fe00000 - 0x00007fff4fe18000 	c:\Users\16789\.cursor\extensions\redhat.java-1.39.0-win32-x64\jre\21.0.5-win32-x86_64\bin\zip.dll
0x00007fff4feb0000 - 0x00007fff4fec0000 	C:\Users\16789\.cursor\extensions\redhat.java-1.39.0-win32-x64\jre\21.0.5-win32-x86_64\bin\net.dll
0x00007fff6b470000 - 0x00007fff6b58e000 	C:\WINDOWS\SYSTEM32\WINHTTP.dll
0x00007fff73ef0000 - 0x00007fff73f58000 	C:\WINDOWS\system32\mswsock.dll
0x00007fff4fde0000 - 0x00007fff4fdf6000 	C:\Users\16789\.cursor\extensions\redhat.java-1.39.0-win32-x64\jre\21.0.5-win32-x86_64\bin\nio.dll
0x00007fff4efa0000 - 0x00007fff4efb0000 	c:\Users\16789\.cursor\extensions\redhat.java-1.39.0-win32-x64\jre\21.0.5-win32-x86_64\bin\verify.dll
0x00007fff6ac10000 - 0x00007fff6ac55000 	C:\Users\16789\AppData\Roaming\Cursor\User\globalStorage\redhat.java\1.39.0\config_win\org.eclipse.equinox.launcher\org.eclipse.equinox.launcher.win32.win32.x86_64_1.2.1100.v20240722-2106\eclipse_11904.dll
0x00007fff75600000 - 0x00007fff75795000 	C:\WINDOWS\System32\ole32.dll
0x00007fff74190000 - 0x00007fff741ac000 	C:\WINDOWS\SYSTEM32\CRYPTSP.dll
0x00007fff73940000 - 0x00007fff73978000 	C:\WINDOWS\system32\rsaenh.dll
0x00007fff73f90000 - 0x00007fff73fbb000 	C:\WINDOWS\SYSTEM32\USERENV.dll
0x00007fff743d0000 - 0x00007fff743f6000 	C:\WINDOWS\SYSTEM32\bcrypt.dll
0x00007fff741b0000 - 0x00007fff741bc000 	C:\WINDOWS\SYSTEM32\CRYPTBASE.dll
0x00007fff733a0000 - 0x00007fff733d2000 	C:\WINDOWS\SYSTEM32\IPHLPAPI.DLL
0x00007fff769e0000 - 0x00007fff769ea000 	C:\WINDOWS\System32\NSI.dll
0x00007fff4ff00000 - 0x00007fff4ff49000 	C:\Users\16789\AppData\Local\Temp\jna-46915891\jna17690211021373824841.dll
0x00007fff76b50000 - 0x00007fff76b58000 	C:\WINDOWS\System32\PSAPI.DLL

dbghelp: loaded successfully - version: 4.0.5 - missing functions: none
symbol engine: initialized successfully - sym options: 0x614 - pdb path: .;c:\Users\16789\.cursor\extensions\redhat.java-1.39.0-win32-x64\jre\21.0.5-win32-x86_64\bin;C:\WINDOWS\SYSTEM32;C:\WINDOWS\WinSxS\amd64_microsoft.windows.common-controls_6595b64144ccf1df_6.0.26100.2702_none_3e069454e335fc5e;c:\Users\16789\.cursor\extensions\redhat.java-1.39.0-win32-x64\jre\21.0.5-win32-x86_64\bin\server;C:\Users\16789\AppData\Roaming\Cursor\User\globalStorage\redhat.java\1.39.0\config_win\org.eclipse.equinox.launcher\org.eclipse.equinox.launcher.win32.win32.x86_64_1.2.1100.v20240722-2106;C:\Users\16789\AppData\Local\Temp\jna-46915891

VM Arguments:
jvm_args: --add-modules=ALL-SYSTEM --add-opens=java.base/java.util=ALL-UNNAMED --add-opens=java.base/java.lang=ALL-UNNAMED --add-opens=java.base/sun.nio.fs=ALL-UNNAMED -Declipse.application=org.eclipse.jdt.ls.core.id1 -Dosgi.bundles.defaultStartLevel=4 -Declipse.product=org.eclipse.jdt.ls.core.product -Djava.import.generatesMetadataFilesAtProjectRoot=false -DDetectVMInstallationsJob.disabled=true -Dfile.encoding=utf8 -XX:+UseParallelGC -XX:GCTimeRatio=4 -XX:AdaptiveSizePolicyWeight=90 -Dsun.zip.disableMemoryMapping=true -Xmx1G -Xms100m -Xlog:disable -javaagent:c:\Users\16789\.cursor\extensions\redhat.java-1.39.0-win32-x64\lombok\lombok-1.18.34.jar -XX:+HeapDumpOnOutOfMemoryError -XX:HeapDumpPath=c:\Users\16789\AppData\Roaming\Cursor\User\workspaceStorage\f3105ddae546c323eac17ee9dd717c70\redhat.java -Daether.dependencyCollector.impl=bf 
java_command: c:\Users\16789\.cursor\extensions\redhat.java-1.39.0-win32-x64\server\plugins\org.eclipse.equinox.launcher_1.6.900.v20240613-2009.jar -configuration c:\Users\16789\AppData\Roaming\Cursor\User\globalStorage\redhat.java\1.39.0\config_win -data c:\Users\16789\AppData\Roaming\Cursor\User\workspaceStorage\f3105ddae546c323eac17ee9dd717c70\redhat.java\jdt_ws --pipe=\\.\pipe\lsp-15404ba6af31629a38ca28e9d98b3868-sock
java_class_path (initial): c:\Users\16789\.cursor\extensions\redhat.java-1.39.0-win32-x64\server\plugins\org.eclipse.equinox.launcher_1.6.900.v20240613-2009.jar
Launcher Type: SUN_STANDARD

[Global flags]
    uintx AdaptiveSizePolicyWeight                 = 90                                        {product} {command line}
     intx CICompilerCount                          = 12                                        {product} {ergonomic}
    uintx GCTimeRatio                              = 4                                         {product} {command line}
     bool HeapDumpOnOutOfMemoryError               = true                                   {manageable} {command line}
    ccstr HeapDumpPath                             = c:\Users\16789\AppData\Roaming\Cursor\User\workspaceStorage\f3105ddae546c323eac17ee9dd717c70\redhat.java         {manageable} {command line}
   size_t InitialHeapSize                          = 104857600                                 {product} {command line}
   size_t MaxHeapSize                              = 1073741824                                {product} {command line}
   size_t MaxNewSize                               = 357564416                                 {product} {ergonomic}
   size_t MinHeapDeltaBytes                        = 524288                                    {product} {ergonomic}
   size_t MinHeapSize                              = 104857600                                 {product} {command line}
   size_t NewSize                                  = 34603008                                  {product} {ergonomic}
    uintx NonNMethodCodeHeapSize                   = 7602480                                {pd product} {ergonomic}
    uintx NonProfiledCodeHeapSize                  = 122027880                              {pd product} {ergonomic}
   size_t OldSize                                  = 70254592                                  {product} {ergonomic}
    uintx ProfiledCodeHeapSize                     = 122027880                              {pd product} {ergonomic}
    uintx ReservedCodeCacheSize                    = 251658240                              {pd product} {ergonomic}
     bool SegmentedCodeCache                       = true                                      {product} {ergonomic}
   size_t SoftMaxHeapSize                          = 1073741824                             {manageable} {ergonomic}
     bool UseCompressedOops                        = true                           {product lp64_product} {ergonomic}
     bool UseLargePagesIndividualAllocation        = false                                  {pd product} {ergonomic}
     bool UseParallelGC                            = true                                      {product} {command line}

Logging:
Log output configuration:
 #0: stdout all=off uptime,level,tags foldmultilines=false
 #1: stderr all=off uptime,level,tags foldmultilines=false

Environment Variables:
JAVA_HOME=E:\Java\jdk1.8.0_341
PATH=C:\Windows\system32;E:\Scripts\;E:\;C:\Program Files\Python313\Scripts\;C:\Program Files\Python313\;c:\Users\16789\AppData\Local\Programs\cursor\resources\app\bin;C:\Windows;C:\Windows\System32\Wbem;C:\Windows\System32\WindowsPowerShell\v1.0\;C:\Program Files (x86)\NVIDIA Corporation\PhysX\Common;C:\Program Files\NVIDIA Corporation\NVIDIA NvDLISR;C:\Program Files\dotnet\;C:\Program Files\Bandizip\;C:\Users\16789\AppData\Local\Microsoft\WindowsApps;C:\Program Files\Internet Explorer;C:\Program Files\Windows Defender;C:\Program Files\Bandizip\data;C:\Program Files\PowerShell\7;E:\node\;E:\apache-maven-3.9.9\bin;E:\Java\jdk1.8.0_341\bin;E:\Java\jdk1.8.0_341\jre\bin;C:\Program Files\MySQL\MySQL Server 8.0\bin;E:\flutter\bin;C:\Program Files (x86)\Windows Kits\10\Windows Performance Toolkit\;E:\Graphviz\bin;C:\Program Files\MySQL\MySQL Shell 8.0\bin\;E:\Microsoft VS Code\bin;C:\MinGW\bin;C:\mingw64\bin;C:\mingw64\opt\bin;C:\mingw64\x86_64-w64-mingw32\bin;C:\PostgreSQL\15\bin;C:\PostgreSQL\15\pgAdmin 4\bin;C:\Program Files\Dell\SupportAssistAgent\bin;C:\Program Files\NVIDIA Corporation\FrameViewSDK\bin;C:\steam\bin;C:\Users\16789\.comate-engine\bin;E:\conda;C:\Users\16789\AppData\Local\Microsoft\WinGet\Links;C:\Users\16789\AppData\Roaming\npm
USERNAME=16789
OS=Windows_NT
PROCESSOR_IDENTIFIER=Intel64 Family 6 Model 141 Stepping 1, GenuineIntel
TMP=C:\Users\16789\AppData\Local\Temp
TEMP=C:\Users\16789\AppData\Local\Temp




Periodic native trim disabled

---------------  S Y S T E M  ---------------

OS:
 Windows 11 , 64 bit Build 26100 (10.0.26100.2992)
OS uptime: 1 days 3:35 hours

CPU: total 16 (initial active 16) (8 cores per cpu, 2 threads per core) family 6 model 141 stepping 1 microcode 0x54, cx8, cmov, fxsr, ht, mmx, 3dnowpref, sse, sse2, sse3, ssse3, sse4.1, sse4.2, popcnt, lzcnt, tsc, tscinvbit, avx, avx2, aes, erms, clmul, bmi1, bmi2, adx, avx512f, avx512dq, avx512cd, avx512bw, avx512vl, sha, fma, vzeroupper, avx512_vpopcntdq, avx512_vpclmulqdq, avx512_vaes, avx512_vnni, clflush, clflushopt, clwb, avx512_vbmi2, avx512_vbmi, rdtscp, rdpid, fsrm, gfni, avx512_bitalg, f16c, pku, cet_ibt, cet_ss, avx512_ifma
Processor Information for all 16 processors :
  Max Mhz: 2304, Current Mhz: 2304, Mhz Limit: 2304

Memory: 4k page, system-wide physical 16110M (511M free)
TotalPageFile size 65262M (AvailPageFile size 6M)
current process WorkingSet (physical memory assigned to process): 132M, peak: 135M
current process commit charge ("private bytes"): 252M, peak: 257M

vm_info: OpenJDK 64-Bit Server VM (21.0.5+11-LTS) for windows-amd64 JRE (21.0.5+11-LTS), built on 2024-10-15T00:00:00Z by "admin" with MS VC++ 17.7 (VS2022)

END.
